[2016-11-16 00:00:01,529][INFO ][cluster.routing.allocation.decider] [Black Widow] low disk watermark [85%] exceeded on [Src1eLj4SPGfTFLVC4kufA][Black Widow][C:\Users\zsjanos\IdeaProjects\LingSearch\elasticsearch-2.4.1\data\elasticsearch\nodes\0] free: 13.9gb[13.9%], replicas will not be assigned to this node
[2016-11-16 00:00:31,566][INFO ][cluster.routing.allocation.decider] [Black Widow] low disk watermark [85%] exceeded on [Src1eLj4SPGfTFLVC4kufA][Black Widow][C:\Users\zsjanos\IdeaProjects\LingSearch\elasticsearch-2.4.1\data\elasticsearch\nodes\0] free: 13.9gb[13.9%], replicas will not be assigned to this node
[2016-11-16 00:01:01,602][INFO ][cluster.routing.allocation.decider] [Black Widow] low disk watermark [85%] exceeded on [Src1eLj4SPGfTFLVC4kufA][Black Widow][C:\Users\zsjanos\IdeaProjects\LingSearch\elasticsearch-2.4.1\data\elasticsearch\nodes\0] free: 13.9gb[13.9%], replicas will not be assigned to this node
[2016-11-16 00:01:31,636][INFO ][cluster.routing.allocation.decider] [Black Widow] low disk watermark [85%] exceeded on [Src1eLj4SPGfTFLVC4kufA][Black Widow][C:\Users\zsjanos\IdeaProjects\LingSearch\elasticsearch-2.4.1\data\elasticsearch\nodes\0] free: 13.9gb[13.9%], replicas will not be assigned to this node
[2016-11-16 00:02:01,681][INFO ][cluster.routing.allocation.decider] [Black Widow] low disk watermark [85%] exceeded on [Src1eLj4SPGfTFLVC4kufA][Black Widow][C:\Users\zsjanos\IdeaProjects\LingSearch\elasticsearch-2.4.1\data\elasticsearch\nodes\0] free: 13.9gb[13.9%], replicas will not be assigned to this node
[2016-11-16 00:02:31,734][INFO ][cluster.routing.allocation.decider] [Black Widow] low disk watermark [85%] exceeded on [Src1eLj4SPGfTFLVC4kufA][Black Widow][C:\Users\zsjanos\IdeaProjects\LingSearch\elasticsearch-2.4.1\data\elasticsearch\nodes\0] free: 13.9gb[13.9%], replicas will not be assigned to this node
[2016-11-16 00:03:01,790][INFO ][cluster.routing.allocation.decider] [Black Widow] low disk watermark [85%] exceeded on [Src1eLj4SPGfTFLVC4kufA][Black Widow][C:\Users\zsjanos\IdeaProjects\LingSearch\elasticsearch-2.4.1\data\elasticsearch\nodes\0] free: 13.9gb[13.9%], replicas will not be assigned to this node
[2016-11-16 00:03:31,850][INFO ][cluster.routing.allocation.decider] [Black Widow] low disk watermark [85%] exceeded on [Src1eLj4SPGfTFLVC4kufA][Black Widow][C:\Users\zsjanos\IdeaProjects\LingSearch\elasticsearch-2.4.1\data\elasticsearch\nodes\0] free: 13.9gb[13.9%], replicas will not be assigned to this node
[2016-11-16 00:04:01,886][INFO ][cluster.routing.allocation.decider] [Black Widow] low disk watermark [85%] exceeded on [Src1eLj4SPGfTFLVC4kufA][Black Widow][C:\Users\zsjanos\IdeaProjects\LingSearch\elasticsearch-2.4.1\data\elasticsearch\nodes\0] free: 13.9gb[13.9%], replicas will not be assigned to this node
[2016-11-16 00:04:31,929][INFO ][cluster.routing.allocation.decider] [Black Widow] low disk watermark [85%] exceeded on [Src1eLj4SPGfTFLVC4kufA][Black Widow][C:\Users\zsjanos\IdeaProjects\LingSearch\elasticsearch-2.4.1\data\elasticsearch\nodes\0] free: 13.9gb[13.9%], replicas will not be assigned to this node
[2016-11-16 00:05:01,962][INFO ][cluster.routing.allocation.decider] [Black Widow] low disk watermark [85%] exceeded on [Src1eLj4SPGfTFLVC4kufA][Black Widow][C:\Users\zsjanos\IdeaProjects\LingSearch\elasticsearch-2.4.1\data\elasticsearch\nodes\0] free: 13.9gb[13.9%], replicas will not be assigned to this node
[2016-11-16 00:05:32,025][INFO ][cluster.routing.allocation.decider] [Black Widow] low disk watermark [85%] exceeded on [Src1eLj4SPGfTFLVC4kufA][Black Widow][C:\Users\zsjanos\IdeaProjects\LingSearch\elasticsearch-2.4.1\data\elasticsearch\nodes\0] free: 13.9gb[13.9%], replicas will not be assigned to this node
[2016-11-16 00:06:02,083][INFO ][cluster.routing.allocation.decider] [Black Widow] low disk watermark [85%] exceeded on [Src1eLj4SPGfTFLVC4kufA][Black Widow][C:\Users\zsjanos\IdeaProjects\LingSearch\elasticsearch-2.4.1\data\elasticsearch\nodes\0] free: 13.9gb[13.9%], replicas will not be assigned to this node
[2016-11-16 00:06:32,144][INFO ][cluster.routing.allocation.decider] [Black Widow] low disk watermark [85%] exceeded on [Src1eLj4SPGfTFLVC4kufA][Black Widow][C:\Users\zsjanos\IdeaProjects\LingSearch\elasticsearch-2.4.1\data\elasticsearch\nodes\0] free: 13.9gb[13.9%], replicas will not be assigned to this node
[2016-11-16 00:07:02,216][INFO ][cluster.routing.allocation.decider] [Black Widow] low disk watermark [85%] exceeded on [Src1eLj4SPGfTFLVC4kufA][Black Widow][C:\Users\zsjanos\IdeaProjects\LingSearch\elasticsearch-2.4.1\data\elasticsearch\nodes\0] free: 13.9gb[13.9%], replicas will not be assigned to this node
[2016-11-16 00:07:32,274][INFO ][cluster.routing.allocation.decider] [Black Widow] low disk watermark [85%] exceeded on [Src1eLj4SPGfTFLVC4kufA][Black Widow][C:\Users\zsjanos\IdeaProjects\LingSearch\elasticsearch-2.4.1\data\elasticsearch\nodes\0] free: 13.9gb[13.9%], replicas will not be assigned to this node
[2016-11-16 00:08:02,334][INFO ][cluster.routing.allocation.decider] [Black Widow] low disk watermark [85%] exceeded on [Src1eLj4SPGfTFLVC4kufA][Black Widow][C:\Users\zsjanos\IdeaProjects\LingSearch\elasticsearch-2.4.1\data\elasticsearch\nodes\0] free: 13.9gb[13.9%], replicas will not be assigned to this node
[2016-11-16 00:08:32,403][INFO ][cluster.routing.allocation.decider] [Black Widow] low disk watermark [85%] exceeded on [Src1eLj4SPGfTFLVC4kufA][Black Widow][C:\Users\zsjanos\IdeaProjects\LingSearch\elasticsearch-2.4.1\data\elasticsearch\nodes\0] free: 13.9gb[13.9%], replicas will not be assigned to this node
[2016-11-16 00:09:02,469][INFO ][cluster.routing.allocation.decider] [Black Widow] low disk watermark [85%] exceeded on [Src1eLj4SPGfTFLVC4kufA][Black Widow][C:\Users\zsjanos\IdeaProjects\LingSearch\elasticsearch-2.4.1\data\elasticsearch\nodes\0] free: 13.9gb[13.9%], replicas will not be assigned to this node
[2016-11-16 00:09:32,540][INFO ][cluster.routing.allocation.decider] [Black Widow] low disk watermark [85%] exceeded on [Src1eLj4SPGfTFLVC4kufA][Black Widow][C:\Users\zsjanos\IdeaProjects\LingSearch\elasticsearch-2.4.1\data\elasticsearch\nodes\0] free: 13.9gb[13.9%], replicas will not be assigned to this node
[2016-11-16 00:10:02,576][INFO ][cluster.routing.allocation.decider] [Black Widow] low disk watermark [85%] exceeded on [Src1eLj4SPGfTFLVC4kufA][Black Widow][C:\Users\zsjanos\IdeaProjects\LingSearch\elasticsearch-2.4.1\data\elasticsearch\nodes\0] free: 13.9gb[13.9%], replicas will not be assigned to this node
[2016-11-16 00:10:32,645][INFO ][cluster.routing.allocation.decider] [Black Widow] low disk watermark [85%] exceeded on [Src1eLj4SPGfTFLVC4kufA][Black Widow][C:\Users\zsjanos\IdeaProjects\LingSearch\elasticsearch-2.4.1\data\elasticsearch\nodes\0] free: 13.9gb[13.9%], replicas will not be assigned to this node
[2016-11-16 00:11:02,708][INFO ][cluster.routing.allocation.decider] [Black Widow] low disk watermark [85%] exceeded on [Src1eLj4SPGfTFLVC4kufA][Black Widow][C:\Users\zsjanos\IdeaProjects\LingSearch\elasticsearch-2.4.1\data\elasticsearch\nodes\0] free: 13.9gb[13.9%], replicas will not be assigned to this node
[2016-11-16 00:11:32,742][INFO ][cluster.routing.allocation.decider] [Black Widow] low disk watermark [85%] exceeded on [Src1eLj4SPGfTFLVC4kufA][Black Widow][C:\Users\zsjanos\IdeaProjects\LingSearch\elasticsearch-2.4.1\data\elasticsearch\nodes\0] free: 13.9gb[13.9%], replicas will not be assigned to this node
[2016-11-16 00:12:02,805][INFO ][cluster.routing.allocation.decider] [Black Widow] low disk watermark [85%] exceeded on [Src1eLj4SPGfTFLVC4kufA][Black Widow][C:\Users\zsjanos\IdeaProjects\LingSearch\elasticsearch-2.4.1\data\elasticsearch\nodes\0] free: 13.9gb[13.9%], replicas will not be assigned to this node
[2016-11-16 00:12:32,853][INFO ][cluster.routing.allocation.decider] [Black Widow] low disk watermark [85%] exceeded on [Src1eLj4SPGfTFLVC4kufA][Black Widow][C:\Users\zsjanos\IdeaProjects\LingSearch\elasticsearch-2.4.1\data\elasticsearch\nodes\0] free: 13.9gb[13.9%], replicas will not be assigned to this node
[2016-11-16 00:13:02,906][INFO ][cluster.routing.allocation.decider] [Black Widow] low disk watermark [85%] exceeded on [Src1eLj4SPGfTFLVC4kufA][Black Widow][C:\Users\zsjanos\IdeaProjects\LingSearch\elasticsearch-2.4.1\data\elasticsearch\nodes\0] free: 13.9gb[13.9%], replicas will not be assigned to this node
[2016-11-16 00:13:32,978][INFO ][cluster.routing.allocation.decider] [Black Widow] low disk watermark [85%] exceeded on [Src1eLj4SPGfTFLVC4kufA][Black Widow][C:\Users\zsjanos\IdeaProjects\LingSearch\elasticsearch-2.4.1\data\elasticsearch\nodes\0] free: 13.9gb[13.9%], replicas will not be assigned to this node
[2016-11-16 00:14:03,030][INFO ][cluster.routing.allocation.decider] [Black Widow] low disk watermark [85%] exceeded on [Src1eLj4SPGfTFLVC4kufA][Black Widow][C:\Users\zsjanos\IdeaProjects\LingSearch\elasticsearch-2.4.1\data\elasticsearch\nodes\0] free: 13.9gb[13.9%], replicas will not be assigned to this node
[2016-11-16 00:14:33,097][INFO ][cluster.routing.allocation.decider] [Black Widow] low disk watermark [85%] exceeded on [Src1eLj4SPGfTFLVC4kufA][Black Widow][C:\Users\zsjanos\IdeaProjects\LingSearch\elasticsearch-2.4.1\data\elasticsearch\nodes\0] free: 13.9gb[13.9%], replicas will not be assigned to this node
[2016-11-16 00:15:03,172][INFO ][cluster.routing.allocation.decider] [Black Widow] low disk watermark [85%] exceeded on [Src1eLj4SPGfTFLVC4kufA][Black Widow][C:\Users\zsjanos\IdeaProjects\LingSearch\elasticsearch-2.4.1\data\elasticsearch\nodes\0] free: 13.9gb[13.9%], replicas will not be assigned to this node
[2016-11-16 00:15:33,229][INFO ][cluster.routing.allocation.decider] [Black Widow] low disk watermark [85%] exceeded on [Src1eLj4SPGfTFLVC4kufA][Black Widow][C:\Users\zsjanos\IdeaProjects\LingSearch\elasticsearch-2.4.1\data\elasticsearch\nodes\0] free: 13.9gb[13.9%], replicas will not be assigned to this node
[2016-11-16 00:16:03,303][INFO ][cluster.routing.allocation.decider] [Black Widow] low disk watermark [85%] exceeded on [Src1eLj4SPGfTFLVC4kufA][Black Widow][C:\Users\zsjanos\IdeaProjects\LingSearch\elasticsearch-2.4.1\data\elasticsearch\nodes\0] free: 13.9gb[13.9%], replicas will not be assigned to this node
[2016-11-16 00:16:33,369][INFO ][cluster.routing.allocation.decider] [Black Widow] low disk watermark [85%] exceeded on [Src1eLj4SPGfTFLVC4kufA][Black Widow][C:\Users\zsjanos\IdeaProjects\LingSearch\elasticsearch-2.4.1\data\elasticsearch\nodes\0] free: 13.9gb[13.9%], replicas will not be assigned to this node
[2016-11-16 00:17:03,433][INFO ][cluster.routing.allocation.decider] [Black Widow] low disk watermark [85%] exceeded on [Src1eLj4SPGfTFLVC4kufA][Black Widow][C:\Users\zsjanos\IdeaProjects\LingSearch\elasticsearch-2.4.1\data\elasticsearch\nodes\0] free: 13.9gb[13.9%], replicas will not be assigned to this node
[2016-11-16 00:17:33,497][INFO ][cluster.routing.allocation.decider] [Black Widow] low disk watermark [85%] exceeded on [Src1eLj4SPGfTFLVC4kufA][Black Widow][C:\Users\zsjanos\IdeaProjects\LingSearch\elasticsearch-2.4.1\data\elasticsearch\nodes\0] free: 13.9gb[13.9%], replicas will not be assigned to this node
[2016-11-16 00:18:03,530][INFO ][cluster.routing.allocation.decider] [Black Widow] low disk watermark [85%] exceeded on [Src1eLj4SPGfTFLVC4kufA][Black Widow][C:\Users\zsjanos\IdeaProjects\LingSearch\elasticsearch-2.4.1\data\elasticsearch\nodes\0] free: 13.9gb[13.9%], replicas will not be assigned to this node
[2016-11-16 00:18:33,589][INFO ][cluster.routing.allocation.decider] [Black Widow] low disk watermark [85%] exceeded on [Src1eLj4SPGfTFLVC4kufA][Black Widow][C:\Users\zsjanos\IdeaProjects\LingSearch\elasticsearch-2.4.1\data\elasticsearch\nodes\0] free: 13.9gb[13.9%], replicas will not be assigned to this node
[2016-11-16 00:19:03,660][INFO ][cluster.routing.allocation.decider] [Black Widow] low disk watermark [85%] exceeded on [Src1eLj4SPGfTFLVC4kufA][Black Widow][C:\Users\zsjanos\IdeaProjects\LingSearch\elasticsearch-2.4.1\data\elasticsearch\nodes\0] free: 13.9gb[13.9%], replicas will not be assigned to this node
[2016-11-16 00:19:33,735][INFO ][cluster.routing.allocation.decider] [Black Widow] low disk watermark [85%] exceeded on [Src1eLj4SPGfTFLVC4kufA][Black Widow][C:\Users\zsjanos\IdeaProjects\LingSearch\elasticsearch-2.4.1\data\elasticsearch\nodes\0] free: 13.9gb[13.9%], replicas will not be assigned to this node
[2016-11-16 00:20:03,776][INFO ][cluster.routing.allocation.decider] [Black Widow] low disk watermark [85%] exceeded on [Src1eLj4SPGfTFLVC4kufA][Black Widow][C:\Users\zsjanos\IdeaProjects\LingSearch\elasticsearch-2.4.1\data\elasticsearch\nodes\0] free: 13.9gb[13.9%], replicas will not be assigned to this node
[2016-11-16 00:20:33,838][INFO ][cluster.routing.allocation.decider] [Black Widow] low disk watermark [85%] exceeded on [Src1eLj4SPGfTFLVC4kufA][Black Widow][C:\Users\zsjanos\IdeaProjects\LingSearch\elasticsearch-2.4.1\data\elasticsearch\nodes\0] free: 13.9gb[13.9%], replicas will not be assigned to this node
[2016-11-16 00:21:03,873][INFO ][cluster.routing.allocation.decider] [Black Widow] low disk watermark [85%] exceeded on [Src1eLj4SPGfTFLVC4kufA][Black Widow][C:\Users\zsjanos\IdeaProjects\LingSearch\elasticsearch-2.4.1\data\elasticsearch\nodes\0] free: 13.9gb[13.9%], replicas will not be assigned to this node
[2016-11-16 00:21:33,924][INFO ][cluster.routing.allocation.decider] [Black Widow] low disk watermark [85%] exceeded on [Src1eLj4SPGfTFLVC4kufA][Black Widow][C:\Users\zsjanos\IdeaProjects\LingSearch\elasticsearch-2.4.1\data\elasticsearch\nodes\0] free: 13.9gb[13.9%], replicas will not be assigned to this node
[2016-11-16 00:22:03,958][INFO ][cluster.routing.allocation.decider] [Black Widow] low disk watermark [85%] exceeded on [Src1eLj4SPGfTFLVC4kufA][Black Widow][C:\Users\zsjanos\IdeaProjects\LingSearch\elasticsearch-2.4.1\data\elasticsearch\nodes\0] free: 13.9gb[13.9%], replicas will not be assigned to this node
[2016-11-16 00:22:33,994][INFO ][cluster.routing.allocation.decider] [Black Widow] low disk watermark [85%] exceeded on [Src1eLj4SPGfTFLVC4kufA][Black Widow][C:\Users\zsjanos\IdeaProjects\LingSearch\elasticsearch-2.4.1\data\elasticsearch\nodes\0] free: 13.9gb[13.9%], replicas will not be assigned to this node
[2016-11-16 00:23:04,030][INFO ][cluster.routing.allocation.decider] [Black Widow] low disk watermark [85%] exceeded on [Src1eLj4SPGfTFLVC4kufA][Black Widow][C:\Users\zsjanos\IdeaProjects\LingSearch\elasticsearch-2.4.1\data\elasticsearch\nodes\0] free: 13.9gb[13.9%], replicas will not be assigned to this node
[2016-11-16 00:23:17,205][WARN ][http.netty               ] [Black Widow] Caught exception while handling client http traffic, closing connection [id: 0xf09fdfb8, /127.0.0.1:53306 => /127.0.0.1:9200]
java.io.IOException: A létező kapcsolatot a távoli állomás kényszerítetten bezárta
	at sun.nio.ch.SocketDispatcher.read0(Native Method)
	at sun.nio.ch.SocketDispatcher.read(SocketDispatcher.java:43)
	at sun.nio.ch.IOUtil.readIntoNativeBuffer(IOUtil.java:223)
	at sun.nio.ch.IOUtil.read(IOUtil.java:192)
	at sun.nio.ch.SocketChannelImpl.read(SocketChannelImpl.java:380)
	at org.jboss.netty.channel.socket.nio.NioWorker.read(NioWorker.java:64)
	at org.jboss.netty.channel.socket.nio.AbstractNioWorker.process(AbstractNioWorker.java:108)
	at org.jboss.netty.channel.socket.nio.AbstractNioSelector.run(AbstractNioSelector.java:337)
	at org.jboss.netty.channel.socket.nio.AbstractNioWorker.run(AbstractNioWorker.java:89)
	at org.jboss.netty.channel.socket.nio.NioWorker.run(NioWorker.java:178)
	at org.jboss.netty.util.ThreadRenamingRunnable.run(ThreadRenamingRunnable.java:108)
	at org.jboss.netty.util.internal.DeadLockProofWorker$1.run(DeadLockProofWorker.java:42)
	at java.util.concurrent.ThreadPoolExecutor.runWorker(ThreadPoolExecutor.java:1142)
	at java.util.concurrent.ThreadPoolExecutor$Worker.run(ThreadPoolExecutor.java:617)
	at java.lang.Thread.run(Thread.java:745)
[2016-11-16 00:23:34,105][INFO ][cluster.routing.allocation.decider] [Black Widow] low disk watermark [85%] exceeded on [Src1eLj4SPGfTFLVC4kufA][Black Widow][C:\Users\zsjanos\IdeaProjects\LingSearch\elasticsearch-2.4.1\data\elasticsearch\nodes\0] free: 13.9gb[13.9%], replicas will not be assigned to this node
[2016-11-16 00:23:43,386][WARN ][http.netty               ] [Black Widow] Caught exception while handling client http traffic, closing connection [id: 0xa179c74d, /127.0.0.1:53331 => /127.0.0.1:9200]
java.io.IOException: A létező kapcsolatot a távoli állomás kényszerítetten bezárta
	at sun.nio.ch.SocketDispatcher.read0(Native Method)
	at sun.nio.ch.SocketDispatcher.read(SocketDispatcher.java:43)
	at sun.nio.ch.IOUtil.readIntoNativeBuffer(IOUtil.java:223)
	at sun.nio.ch.IOUtil.read(IOUtil.java:192)
	at sun.nio.ch.SocketChannelImpl.read(SocketChannelImpl.java:380)
	at org.jboss.netty.channel.socket.nio.NioWorker.read(NioWorker.java:64)
	at org.jboss.netty.channel.socket.nio.AbstractNioWorker.process(AbstractNioWorker.java:108)
	at org.jboss.netty.channel.socket.nio.AbstractNioSelector.run(AbstractNioSelector.java:337)
	at org.jboss.netty.channel.socket.nio.AbstractNioWorker.run(AbstractNioWorker.java:89)
	at org.jboss.netty.channel.socket.nio.NioWorker.run(NioWorker.java:178)
	at org.jboss.netty.util.ThreadRenamingRunnable.run(ThreadRenamingRunnable.java:108)
	at org.jboss.netty.util.internal.DeadLockProofWorker$1.run(DeadLockProofWorker.java:42)
	at java.util.concurrent.ThreadPoolExecutor.runWorker(ThreadPoolExecutor.java:1142)
	at java.util.concurrent.ThreadPoolExecutor$Worker.run(ThreadPoolExecutor.java:617)
	at java.lang.Thread.run(Thread.java:745)
[2016-11-16 00:23:58,597][WARN ][http.netty               ] [Black Widow] Caught exception while handling client http traffic, closing connection [id: 0x54520eda, /127.0.0.1:53349 => /127.0.0.1:9200]
java.io.IOException: A létező kapcsolatot a távoli állomás kényszerítetten bezárta
	at sun.nio.ch.SocketDispatcher.read0(Native Method)
	at sun.nio.ch.SocketDispatcher.read(SocketDispatcher.java:43)
	at sun.nio.ch.IOUtil.readIntoNativeBuffer(IOUtil.java:223)
	at sun.nio.ch.IOUtil.read(IOUtil.java:192)
	at sun.nio.ch.SocketChannelImpl.read(SocketChannelImpl.java:380)
	at org.jboss.netty.channel.socket.nio.NioWorker.read(NioWorker.java:64)
	at org.jboss.netty.channel.socket.nio.AbstractNioWorker.process(AbstractNioWorker.java:108)
	at org.jboss.netty.channel.socket.nio.AbstractNioSelector.run(AbstractNioSelector.java:337)
	at org.jboss.netty.channel.socket.nio.AbstractNioWorker.run(AbstractNioWorker.java:89)
	at org.jboss.netty.channel.socket.nio.NioWorker.run(NioWorker.java:178)
	at org.jboss.netty.util.ThreadRenamingRunnable.run(ThreadRenamingRunnable.java:108)
	at org.jboss.netty.util.internal.DeadLockProofWorker$1.run(DeadLockProofWorker.java:42)
	at java.util.concurrent.ThreadPoolExecutor.runWorker(ThreadPoolExecutor.java:1142)
	at java.util.concurrent.ThreadPoolExecutor$Worker.run(ThreadPoolExecutor.java:617)
	at java.lang.Thread.run(Thread.java:745)
[2016-11-16 00:24:04,253][INFO ][cluster.routing.allocation.decider] [Black Widow] low disk watermark [85%] exceeded on [Src1eLj4SPGfTFLVC4kufA][Black Widow][C:\Users\zsjanos\IdeaProjects\LingSearch\elasticsearch-2.4.1\data\elasticsearch\nodes\0] free: 13.9gb[13.9%], replicas will not be assigned to this node
[2016-11-16 00:24:20,086][WARN ][http.netty               ] [Black Widow] Caught exception while handling client http traffic, closing connection [id: 0xd7e4883b, /127.0.0.1:53365 => /127.0.0.1:9200]
java.io.IOException: A létező kapcsolatot a távoli állomás kényszerítetten bezárta
	at sun.nio.ch.SocketDispatcher.read0(Native Method)
	at sun.nio.ch.SocketDispatcher.read(SocketDispatcher.java:43)
	at sun.nio.ch.IOUtil.readIntoNativeBuffer(IOUtil.java:223)
	at sun.nio.ch.IOUtil.read(IOUtil.java:192)
	at sun.nio.ch.SocketChannelImpl.read(SocketChannelImpl.java:380)
	at org.jboss.netty.channel.socket.nio.NioWorker.read(NioWorker.java:64)
	at org.jboss.netty.channel.socket.nio.AbstractNioWorker.process(AbstractNioWorker.java:108)
	at org.jboss.netty.channel.socket.nio.AbstractNioSelector.run(AbstractNioSelector.java:337)
	at org.jboss.netty.channel.socket.nio.AbstractNioWorker.run(AbstractNioWorker.java:89)
	at org.jboss.netty.channel.socket.nio.NioWorker.run(NioWorker.java:178)
	at org.jboss.netty.util.ThreadRenamingRunnable.run(ThreadRenamingRunnable.java:108)
	at org.jboss.netty.util.internal.DeadLockProofWorker$1.run(DeadLockProofWorker.java:42)
	at java.util.concurrent.ThreadPoolExecutor.runWorker(ThreadPoolExecutor.java:1142)
	at java.util.concurrent.ThreadPoolExecutor$Worker.run(ThreadPoolExecutor.java:617)
	at java.lang.Thread.run(Thread.java:745)
[2016-11-16 00:24:34,295][INFO ][cluster.routing.allocation.decider] [Black Widow] low disk watermark [85%] exceeded on [Src1eLj4SPGfTFLVC4kufA][Black Widow][C:\Users\zsjanos\IdeaProjects\LingSearch\elasticsearch-2.4.1\data\elasticsearch\nodes\0] free: 13.9gb[13.9%], replicas will not be assigned to this node
[2016-11-16 00:24:52,742][WARN ][http.netty               ] [Black Widow] Caught exception while handling client http traffic, closing connection [id: 0x3cc15da3, /127.0.0.1:53384 => /127.0.0.1:9200]
java.io.IOException: A létező kapcsolatot a távoli állomás kényszerítetten bezárta
	at sun.nio.ch.SocketDispatcher.read0(Native Method)
	at sun.nio.ch.SocketDispatcher.read(SocketDispatcher.java:43)
	at sun.nio.ch.IOUtil.readIntoNativeBuffer(IOUtil.java:223)
	at sun.nio.ch.IOUtil.read(IOUtil.java:192)
	at sun.nio.ch.SocketChannelImpl.read(SocketChannelImpl.java:380)
	at org.jboss.netty.channel.socket.nio.NioWorker.read(NioWorker.java:64)
	at org.jboss.netty.channel.socket.nio.AbstractNioWorker.process(AbstractNioWorker.java:108)
	at org.jboss.netty.channel.socket.nio.AbstractNioSelector.run(AbstractNioSelector.java:337)
	at org.jboss.netty.channel.socket.nio.AbstractNioWorker.run(AbstractNioWorker.java:89)
	at org.jboss.netty.channel.socket.nio.NioWorker.run(NioWorker.java:178)
	at org.jboss.netty.util.ThreadRenamingRunnable.run(ThreadRenamingRunnable.java:108)
	at org.jboss.netty.util.internal.DeadLockProofWorker$1.run(DeadLockProofWorker.java:42)
	at java.util.concurrent.ThreadPoolExecutor.runWorker(ThreadPoolExecutor.java:1142)
	at java.util.concurrent.ThreadPoolExecutor$Worker.run(ThreadPoolExecutor.java:617)
	at java.lang.Thread.run(Thread.java:745)
[2016-11-16 00:25:04,420][INFO ][cluster.routing.allocation.decider] [Black Widow] low disk watermark [85%] exceeded on [Src1eLj4SPGfTFLVC4kufA][Black Widow][C:\Users\zsjanos\IdeaProjects\LingSearch\elasticsearch-2.4.1\data\elasticsearch\nodes\0] free: 13.9gb[13.9%], replicas will not be assigned to this node
[2016-11-16 00:25:05,410][WARN ][http.netty               ] [Black Widow] Caught exception while handling client http traffic, closing connection [id: 0x6a0ebf14, /127.0.0.1:53394 => /127.0.0.1:9200]
java.io.IOException: A létező kapcsolatot a távoli állomás kényszerítetten bezárta
	at sun.nio.ch.SocketDispatcher.read0(Native Method)
	at sun.nio.ch.SocketDispatcher.read(SocketDispatcher.java:43)
	at sun.nio.ch.IOUtil.readIntoNativeBuffer(IOUtil.java:223)
	at sun.nio.ch.IOUtil.read(IOUtil.java:192)
	at sun.nio.ch.SocketChannelImpl.read(SocketChannelImpl.java:380)
	at org.jboss.netty.channel.socket.nio.NioWorker.read(NioWorker.java:64)
	at org.jboss.netty.channel.socket.nio.AbstractNioWorker.process(AbstractNioWorker.java:108)
	at org.jboss.netty.channel.socket.nio.AbstractNioSelector.run(AbstractNioSelector.java:337)
	at org.jboss.netty.channel.socket.nio.AbstractNioWorker.run(AbstractNioWorker.java:89)
	at org.jboss.netty.channel.socket.nio.NioWorker.run(NioWorker.java:178)
	at org.jboss.netty.util.ThreadRenamingRunnable.run(ThreadRenamingRunnable.java:108)
	at org.jboss.netty.util.internal.DeadLockProofWorker$1.run(DeadLockProofWorker.java:42)
	at java.util.concurrent.ThreadPoolExecutor.runWorker(ThreadPoolExecutor.java:1142)
	at java.util.concurrent.ThreadPoolExecutor$Worker.run(ThreadPoolExecutor.java:617)
	at java.lang.Thread.run(Thread.java:745)
[2016-11-16 00:25:22,920][WARN ][http.netty               ] [Black Widow] Caught exception while handling client http traffic, closing connection [id: 0x016cc4b1, /127.0.0.1:53406 => /127.0.0.1:9200]
java.io.IOException: A létező kapcsolatot a távoli állomás kényszerítetten bezárta
	at sun.nio.ch.SocketDispatcher.read0(Native Method)
	at sun.nio.ch.SocketDispatcher.read(SocketDispatcher.java:43)
	at sun.nio.ch.IOUtil.readIntoNativeBuffer(IOUtil.java:223)
	at sun.nio.ch.IOUtil.read(IOUtil.java:192)
	at sun.nio.ch.SocketChannelImpl.read(SocketChannelImpl.java:380)
	at org.jboss.netty.channel.socket.nio.NioWorker.read(NioWorker.java:64)
	at org.jboss.netty.channel.socket.nio.AbstractNioWorker.process(AbstractNioWorker.java:108)
	at org.jboss.netty.channel.socket.nio.AbstractNioSelector.run(AbstractNioSelector.java:337)
	at org.jboss.netty.channel.socket.nio.AbstractNioWorker.run(AbstractNioWorker.java:89)
	at org.jboss.netty.channel.socket.nio.NioWorker.run(NioWorker.java:178)
	at org.jboss.netty.util.ThreadRenamingRunnable.run(ThreadRenamingRunnable.java:108)
	at org.jboss.netty.util.internal.DeadLockProofWorker$1.run(DeadLockProofWorker.java:42)
	at java.util.concurrent.ThreadPoolExecutor.runWorker(ThreadPoolExecutor.java:1142)
	at java.util.concurrent.ThreadPoolExecutor$Worker.run(ThreadPoolExecutor.java:617)
	at java.lang.Thread.run(Thread.java:745)
[2016-11-16 00:25:34,455][INFO ][cluster.routing.allocation.decider] [Black Widow] low disk watermark [85%] exceeded on [Src1eLj4SPGfTFLVC4kufA][Black Widow][C:\Users\zsjanos\IdeaProjects\LingSearch\elasticsearch-2.4.1\data\elasticsearch\nodes\0] free: 13.9gb[13.9%], replicas will not be assigned to this node
[2016-11-16 00:25:37,753][WARN ][http.netty               ] [Black Widow] Caught exception while handling client http traffic, closing connection [id: 0x65fbc997, /127.0.0.1:53416 => /127.0.0.1:9200]
java.io.IOException: A létező kapcsolatot a távoli állomás kényszerítetten bezárta
	at sun.nio.ch.SocketDispatcher.read0(Native Method)
	at sun.nio.ch.SocketDispatcher.read(SocketDispatcher.java:43)
	at sun.nio.ch.IOUtil.readIntoNativeBuffer(IOUtil.java:223)
	at sun.nio.ch.IOUtil.read(IOUtil.java:192)
	at sun.nio.ch.SocketChannelImpl.read(SocketChannelImpl.java:380)
	at org.jboss.netty.channel.socket.nio.NioWorker.read(NioWorker.java:64)
	at org.jboss.netty.channel.socket.nio.AbstractNioWorker.process(AbstractNioWorker.java:108)
	at org.jboss.netty.channel.socket.nio.AbstractNioSelector.run(AbstractNioSelector.java:337)
	at org.jboss.netty.channel.socket.nio.AbstractNioWorker.run(AbstractNioWorker.java:89)
	at org.jboss.netty.channel.socket.nio.NioWorker.run(NioWorker.java:178)
	at org.jboss.netty.util.ThreadRenamingRunnable.run(ThreadRenamingRunnable.java:108)
	at org.jboss.netty.util.internal.DeadLockProofWorker$1.run(DeadLockProofWorker.java:42)
	at java.util.concurrent.ThreadPoolExecutor.runWorker(ThreadPoolExecutor.java:1142)
	at java.util.concurrent.ThreadPoolExecutor$Worker.run(ThreadPoolExecutor.java:617)
	at java.lang.Thread.run(Thread.java:745)
[2016-11-16 00:26:04,504][INFO ][cluster.routing.allocation.decider] [Black Widow] low disk watermark [85%] exceeded on [Src1eLj4SPGfTFLVC4kufA][Black Widow][C:\Users\zsjanos\IdeaProjects\LingSearch\elasticsearch-2.4.1\data\elasticsearch\nodes\0] free: 13.9gb[13.9%], replicas will not be assigned to this node
[2016-11-16 00:26:09,212][WARN ][http.netty               ] [Black Widow] Caught exception while handling client http traffic, closing connection [id: 0x07d2a299, /127.0.0.1:53438 => /127.0.0.1:9200]
java.io.IOException: A létező kapcsolatot a távoli állomás kényszerítetten bezárta
	at sun.nio.ch.SocketDispatcher.read0(Native Method)
	at sun.nio.ch.SocketDispatcher.read(SocketDispatcher.java:43)
	at sun.nio.ch.IOUtil.readIntoNativeBuffer(IOUtil.java:223)
	at sun.nio.ch.IOUtil.read(IOUtil.java:192)
	at sun.nio.ch.SocketChannelImpl.read(SocketChannelImpl.java:380)
	at org.jboss.netty.channel.socket.nio.NioWorker.read(NioWorker.java:64)
	at org.jboss.netty.channel.socket.nio.AbstractNioWorker.process(AbstractNioWorker.java:108)
	at org.jboss.netty.channel.socket.nio.AbstractNioSelector.run(AbstractNioSelector.java:337)
	at org.jboss.netty.channel.socket.nio.AbstractNioWorker.run(AbstractNioWorker.java:89)
	at org.jboss.netty.channel.socket.nio.NioWorker.run(NioWorker.java:178)
	at org.jboss.netty.util.ThreadRenamingRunnable.run(ThreadRenamingRunnable.java:108)
	at org.jboss.netty.util.internal.DeadLockProofWorker$1.run(DeadLockProofWorker.java:42)
	at java.util.concurrent.ThreadPoolExecutor.runWorker(ThreadPoolExecutor.java:1142)
	at java.util.concurrent.ThreadPoolExecutor$Worker.run(ThreadPoolExecutor.java:617)
	at java.lang.Thread.run(Thread.java:745)
[2016-11-16 00:26:17,817][WARN ][http.netty               ] [Black Widow] Caught exception while handling client http traffic, closing connection [id: 0xb88f0548, /127.0.0.1:53445 => /127.0.0.1:9200]
java.io.IOException: A létező kapcsolatot a távoli állomás kényszerítetten bezárta
	at sun.nio.ch.SocketDispatcher.read0(Native Method)
	at sun.nio.ch.SocketDispatcher.read(SocketDispatcher.java:43)
	at sun.nio.ch.IOUtil.readIntoNativeBuffer(IOUtil.java:223)
	at sun.nio.ch.IOUtil.read(IOUtil.java:192)
	at sun.nio.ch.SocketChannelImpl.read(SocketChannelImpl.java:380)
	at org.jboss.netty.channel.socket.nio.NioWorker.read(NioWorker.java:64)
	at org.jboss.netty.channel.socket.nio.AbstractNioWorker.process(AbstractNioWorker.java:108)
	at org.jboss.netty.channel.socket.nio.AbstractNioSelector.run(AbstractNioSelector.java:337)
	at org.jboss.netty.channel.socket.nio.AbstractNioWorker.run(AbstractNioWorker.java:89)
	at org.jboss.netty.channel.socket.nio.NioWorker.run(NioWorker.java:178)
	at org.jboss.netty.util.ThreadRenamingRunnable.run(ThreadRenamingRunnable.java:108)
	at org.jboss.netty.util.internal.DeadLockProofWorker$1.run(DeadLockProofWorker.java:42)
	at java.util.concurrent.ThreadPoolExecutor.runWorker(ThreadPoolExecutor.java:1142)
	at java.util.concurrent.ThreadPoolExecutor$Worker.run(ThreadPoolExecutor.java:617)
	at java.lang.Thread.run(Thread.java:745)
[2016-11-16 00:26:34,538][INFO ][cluster.routing.allocation.decider] [Black Widow] low disk watermark [85%] exceeded on [Src1eLj4SPGfTFLVC4kufA][Black Widow][C:\Users\zsjanos\IdeaProjects\LingSearch\elasticsearch-2.4.1\data\elasticsearch\nodes\0] free: 13.9gb[13.9%], replicas will not be assigned to this node
[2016-11-16 00:27:04,574][INFO ][cluster.routing.allocation.decider] [Black Widow] low disk watermark [85%] exceeded on [Src1eLj4SPGfTFLVC4kufA][Black Widow][C:\Users\zsjanos\IdeaProjects\LingSearch\elasticsearch-2.4.1\data\elasticsearch\nodes\0] free: 13.9gb[13.9%], replicas will not be assigned to this node
[2016-11-16 00:27:34,653][INFO ][cluster.routing.allocation.decider] [Black Widow] low disk watermark [85%] exceeded on [Src1eLj4SPGfTFLVC4kufA][Black Widow][C:\Users\zsjanos\IdeaProjects\LingSearch\elasticsearch-2.4.1\data\elasticsearch\nodes\0] free: 13.9gb[13.9%], replicas will not be assigned to this node
[2016-11-16 00:28:04,728][INFO ][cluster.routing.allocation.decider] [Black Widow] low disk watermark [85%] exceeded on [Src1eLj4SPGfTFLVC4kufA][Black Widow][C:\Users\zsjanos\IdeaProjects\LingSearch\elasticsearch-2.4.1\data\elasticsearch\nodes\0] free: 13.9gb[13.9%], replicas will not be assigned to this node
[2016-11-16 00:28:34,789][INFO ][cluster.routing.allocation.decider] [Black Widow] low disk watermark [85%] exceeded on [Src1eLj4SPGfTFLVC4kufA][Black Widow][C:\Users\zsjanos\IdeaProjects\LingSearch\elasticsearch-2.4.1\data\elasticsearch\nodes\0] free: 13.9gb[13.9%], replicas will not be assigned to this node
[2016-11-16 00:29:04,824][INFO ][cluster.routing.allocation.decider] [Black Widow] low disk watermark [85%] exceeded on [Src1eLj4SPGfTFLVC4kufA][Black Widow][C:\Users\zsjanos\IdeaProjects\LingSearch\elasticsearch-2.4.1\data\elasticsearch\nodes\0] free: 13.9gb[13.9%], replicas will not be assigned to this node
[2016-11-16 00:29:34,859][INFO ][cluster.routing.allocation.decider] [Black Widow] low disk watermark [85%] exceeded on [Src1eLj4SPGfTFLVC4kufA][Black Widow][C:\Users\zsjanos\IdeaProjects\LingSearch\elasticsearch-2.4.1\data\elasticsearch\nodes\0] free: 13.9gb[13.9%], replicas will not be assigned to this node
[2016-11-16 00:30:04,934][INFO ][cluster.routing.allocation.decider] [Black Widow] low disk watermark [85%] exceeded on [Src1eLj4SPGfTFLVC4kufA][Black Widow][C:\Users\zsjanos\IdeaProjects\LingSearch\elasticsearch-2.4.1\data\elasticsearch\nodes\0] free: 13.9gb[13.9%], replicas will not be assigned to this node
[2016-11-16 00:30:34,995][INFO ][cluster.routing.allocation.decider] [Black Widow] low disk watermark [85%] exceeded on [Src1eLj4SPGfTFLVC4kufA][Black Widow][C:\Users\zsjanos\IdeaProjects\LingSearch\elasticsearch-2.4.1\data\elasticsearch\nodes\0] free: 13.9gb[13.9%], replicas will not be assigned to this node
[2016-11-16 00:31:05,043][INFO ][cluster.routing.allocation.decider] [Black Widow] low disk watermark [85%] exceeded on [Src1eLj4SPGfTFLVC4kufA][Black Widow][C:\Users\zsjanos\IdeaProjects\LingSearch\elasticsearch-2.4.1\data\elasticsearch\nodes\0] free: 13.9gb[13.9%], replicas will not be assigned to this node
[2016-11-16 00:31:35,128][INFO ][cluster.routing.allocation.decider] [Black Widow] low disk watermark [85%] exceeded on [Src1eLj4SPGfTFLVC4kufA][Black Widow][C:\Users\zsjanos\IdeaProjects\LingSearch\elasticsearch-2.4.1\data\elasticsearch\nodes\0] free: 13.9gb[13.9%], replicas will not be assigned to this node
[2016-11-16 00:32:05,188][INFO ][cluster.routing.allocation.decider] [Black Widow] low disk watermark [85%] exceeded on [Src1eLj4SPGfTFLVC4kufA][Black Widow][C:\Users\zsjanos\IdeaProjects\LingSearch\elasticsearch-2.4.1\data\elasticsearch\nodes\0] free: 13.9gb[13.9%], replicas will not be assigned to this node
[2016-11-16 00:32:35,246][INFO ][cluster.routing.allocation.decider] [Black Widow] low disk watermark [85%] exceeded on [Src1eLj4SPGfTFLVC4kufA][Black Widow][C:\Users\zsjanos\IdeaProjects\LingSearch\elasticsearch-2.4.1\data\elasticsearch\nodes\0] free: 13.9gb[13.9%], replicas will not be assigned to this node
[2016-11-16 00:33:05,281][INFO ][cluster.routing.allocation.decider] [Black Widow] low disk watermark [85%] exceeded on [Src1eLj4SPGfTFLVC4kufA][Black Widow][C:\Users\zsjanos\IdeaProjects\LingSearch\elasticsearch-2.4.1\data\elasticsearch\nodes\0] free: 13.9gb[13.9%], replicas will not be assigned to this node
[2016-11-16 00:33:35,338][INFO ][cluster.routing.allocation.decider] [Black Widow] low disk watermark [85%] exceeded on [Src1eLj4SPGfTFLVC4kufA][Black Widow][C:\Users\zsjanos\IdeaProjects\LingSearch\elasticsearch-2.4.1\data\elasticsearch\nodes\0] free: 13.9gb[13.9%], replicas will not be assigned to this node
[2016-11-16 00:34:05,371][INFO ][cluster.routing.allocation.decider] [Black Widow] low disk watermark [85%] exceeded on [Src1eLj4SPGfTFLVC4kufA][Black Widow][C:\Users\zsjanos\IdeaProjects\LingSearch\elasticsearch-2.4.1\data\elasticsearch\nodes\0] free: 13.9gb[13.9%], replicas will not be assigned to this node
[2016-11-16 00:34:35,422][INFO ][cluster.routing.allocation.decider] [Black Widow] low disk watermark [85%] exceeded on [Src1eLj4SPGfTFLVC4kufA][Black Widow][C:\Users\zsjanos\IdeaProjects\LingSearch\elasticsearch-2.4.1\data\elasticsearch\nodes\0] free: 13.9gb[13.9%], replicas will not be assigned to this node
[2016-11-16 00:35:05,456][INFO ][cluster.routing.allocation.decider] [Black Widow] low disk watermark [85%] exceeded on [Src1eLj4SPGfTFLVC4kufA][Black Widow][C:\Users\zsjanos\IdeaProjects\LingSearch\elasticsearch-2.4.1\data\elasticsearch\nodes\0] free: 13.9gb[13.9%], replicas will not be assigned to this node
[2016-11-16 00:35:35,509][INFO ][cluster.routing.allocation.decider] [Black Widow] low disk watermark [85%] exceeded on [Src1eLj4SPGfTFLVC4kufA][Black Widow][C:\Users\zsjanos\IdeaProjects\LingSearch\elasticsearch-2.4.1\data\elasticsearch\nodes\0] free: 13.8gb[13.8%], replicas will not be assigned to this node
[2016-11-16 00:36:05,543][INFO ][cluster.routing.allocation.decider] [Black Widow] low disk watermark [85%] exceeded on [Src1eLj4SPGfTFLVC4kufA][Black Widow][C:\Users\zsjanos\IdeaProjects\LingSearch\elasticsearch-2.4.1\data\elasticsearch\nodes\0] free: 13.8gb[13.8%], replicas will not be assigned to this node
[2016-11-16 00:36:35,603][INFO ][cluster.routing.allocation.decider] [Black Widow] low disk watermark [85%] exceeded on [Src1eLj4SPGfTFLVC4kufA][Black Widow][C:\Users\zsjanos\IdeaProjects\LingSearch\elasticsearch-2.4.1\data\elasticsearch\nodes\0] free: 13.8gb[13.8%], replicas will not be assigned to this node
[2016-11-16 00:37:05,638][INFO ][cluster.routing.allocation.decider] [Black Widow] low disk watermark [85%] exceeded on [Src1eLj4SPGfTFLVC4kufA][Black Widow][C:\Users\zsjanos\IdeaProjects\LingSearch\elasticsearch-2.4.1\data\elasticsearch\nodes\0] free: 13.8gb[13.8%], replicas will not be assigned to this node
[2016-11-16 00:37:35,707][INFO ][cluster.routing.allocation.decider] [Black Widow] low disk watermark [85%] exceeded on [Src1eLj4SPGfTFLVC4kufA][Black Widow][C:\Users\zsjanos\IdeaProjects\LingSearch\elasticsearch-2.4.1\data\elasticsearch\nodes\0] free: 13.8gb[13.8%], replicas will not be assigned to this node
[2016-11-16 00:38:05,741][INFO ][cluster.routing.allocation.decider] [Black Widow] low disk watermark [85%] exceeded on [Src1eLj4SPGfTFLVC4kufA][Black Widow][C:\Users\zsjanos\IdeaProjects\LingSearch\elasticsearch-2.4.1\data\elasticsearch\nodes\0] free: 13.7gb[13.7%], replicas will not be assigned to this node
[2016-11-16 00:38:35,792][INFO ][cluster.routing.allocation.decider] [Black Widow] low disk watermark [85%] exceeded on [Src1eLj4SPGfTFLVC4kufA][Black Widow][C:\Users\zsjanos\IdeaProjects\LingSearch\elasticsearch-2.4.1\data\elasticsearch\nodes\0] free: 13.7gb[13.7%], replicas will not be assigned to this node
[2016-11-16 00:39:05,831][INFO ][cluster.routing.allocation.decider] [Black Widow] low disk watermark [85%] exceeded on [Src1eLj4SPGfTFLVC4kufA][Black Widow][C:\Users\zsjanos\IdeaProjects\LingSearch\elasticsearch-2.4.1\data\elasticsearch\nodes\0] free: 13.7gb[13.7%], replicas will not be assigned to this node
[2016-11-16 00:39:35,881][INFO ][cluster.routing.allocation.decider] [Black Widow] low disk watermark [85%] exceeded on [Src1eLj4SPGfTFLVC4kufA][Black Widow][C:\Users\zsjanos\IdeaProjects\LingSearch\elasticsearch-2.4.1\data\elasticsearch\nodes\0] free: 13.7gb[13.7%], replicas will not be assigned to this node
[2016-11-16 00:40:05,924][INFO ][cluster.routing.allocation.decider] [Black Widow] low disk watermark [85%] exceeded on [Src1eLj4SPGfTFLVC4kufA][Black Widow][C:\Users\zsjanos\IdeaProjects\LingSearch\elasticsearch-2.4.1\data\elasticsearch\nodes\0] free: 13.7gb[13.7%], replicas will not be assigned to this node
[2016-11-16 00:40:35,954][INFO ][cluster.routing.allocation.decider] [Black Widow] low disk watermark [85%] exceeded on [Src1eLj4SPGfTFLVC4kufA][Black Widow][C:\Users\zsjanos\IdeaProjects\LingSearch\elasticsearch-2.4.1\data\elasticsearch\nodes\0] free: 13.7gb[13.7%], replicas will not be assigned to this node
[2016-11-16 00:41:06,003][INFO ][cluster.routing.allocation.decider] [Black Widow] low disk watermark [85%] exceeded on [Src1eLj4SPGfTFLVC4kufA][Black Widow][C:\Users\zsjanos\IdeaProjects\LingSearch\elasticsearch-2.4.1\data\elasticsearch\nodes\0] free: 13.7gb[13.7%], replicas will not be assigned to this node
[2016-11-16 00:41:36,037][INFO ][cluster.routing.allocation.decider] [Black Widow] low disk watermark [85%] exceeded on [Src1eLj4SPGfTFLVC4kufA][Black Widow][C:\Users\zsjanos\IdeaProjects\LingSearch\elasticsearch-2.4.1\data\elasticsearch\nodes\0] free: 13.7gb[13.7%], replicas will not be assigned to this node
[2016-11-16 00:42:06,071][INFO ][cluster.routing.allocation.decider] [Black Widow] low disk watermark [85%] exceeded on [Src1eLj4SPGfTFLVC4kufA][Black Widow][C:\Users\zsjanos\IdeaProjects\LingSearch\elasticsearch-2.4.1\data\elasticsearch\nodes\0] free: 13.7gb[13.7%], replicas will not be assigned to this node
[2016-11-16 00:42:36,122][INFO ][cluster.routing.allocation.decider] [Black Widow] low disk watermark [85%] exceeded on [Src1eLj4SPGfTFLVC4kufA][Black Widow][C:\Users\zsjanos\IdeaProjects\LingSearch\elasticsearch-2.4.1\data\elasticsearch\nodes\0] free: 13.7gb[13.7%], replicas will not be assigned to this node
[2016-11-16 00:43:06,189][INFO ][cluster.routing.allocation.decider] [Black Widow] low disk watermark [85%] exceeded on [Src1eLj4SPGfTFLVC4kufA][Black Widow][C:\Users\zsjanos\IdeaProjects\LingSearch\elasticsearch-2.4.1\data\elasticsearch\nodes\0] free: 13.7gb[13.7%], replicas will not be assigned to this node
[2016-11-16 00:43:36,221][INFO ][cluster.routing.allocation.decider] [Black Widow] low disk watermark [85%] exceeded on [Src1eLj4SPGfTFLVC4kufA][Black Widow][C:\Users\zsjanos\IdeaProjects\LingSearch\elasticsearch-2.4.1\data\elasticsearch\nodes\0] free: 13.7gb[13.7%], replicas will not be assigned to this node
[2016-11-16 00:44:06,254][INFO ][cluster.routing.allocation.decider] [Black Widow] low disk watermark [85%] exceeded on [Src1eLj4SPGfTFLVC4kufA][Black Widow][C:\Users\zsjanos\IdeaProjects\LingSearch\elasticsearch-2.4.1\data\elasticsearch\nodes\0] free: 13.7gb[13.7%], replicas will not be assigned to this node
[2016-11-16 00:44:36,289][INFO ][cluster.routing.allocation.decider] [Black Widow] low disk watermark [85%] exceeded on [Src1eLj4SPGfTFLVC4kufA][Black Widow][C:\Users\zsjanos\IdeaProjects\LingSearch\elasticsearch-2.4.1\data\elasticsearch\nodes\0] free: 13.7gb[13.7%], replicas will not be assigned to this node
[2016-11-16 00:45:06,345][INFO ][cluster.routing.allocation.decider] [Black Widow] low disk watermark [85%] exceeded on [Src1eLj4SPGfTFLVC4kufA][Black Widow][C:\Users\zsjanos\IdeaProjects\LingSearch\elasticsearch-2.4.1\data\elasticsearch\nodes\0] free: 13.7gb[13.7%], replicas will not be assigned to this node
